[0m19:09:08.138072 [debug] [MainThread]: Sending event: {'category': 'dbt', 'action': 'invocation', 'label': 'start', 'context': [<snowplow_tracker.self_describing_json.SelfDescribingJson object at 0x79fcd5ae8610>, <snowplow_tracker.self_describing_json.SelfDescribingJson object at 0x79fcd5c98910>, <snowplow_tracker.self_describing_json.SelfDescribingJson object at 0x79fcd5d4a150>]}


============================== 19:09:08.143412 | 3bf7f9b5-346d-4ecc-9920-7b57b9fcff75 ==============================
[0m19:09:08.143412 [info ] [MainThread]: Running with dbt=1.10.0-b2
[0m19:09:08.143892 [debug] [MainThread]: running dbt with arguments {'printer_width': '80', 'indirect_selection': 'eager', 'log_cache_events': 'False', 'write_json': 'True', 'partial_parse': 'True', 'cache_selected_only': 'False', 'warn_error': 'None', 'version_check': 'True', 'debug': 'False', 'log_path': 'logs', 'fail_fast': 'False', 'profiles_dir': '/root/.dbt', 'use_colors': 'True', 'use_experimental_parser': 'False', 'empty': 'None', 'quiet': 'False', 'no_print': 'None', 'log_format': 'default', 'invocation_command': 'dbt init teste', 'static_parser': 'True', 'warn_error_options': 'WarnErrorOptions(include=[], exclude=[])', 'target_path': 'None', 'introspect': 'True', 'send_anonymous_usage_stats': 'True'}
[0m19:09:08.154918 [info ] [MainThread]: Creating dbt configuration folder at /root/.dbt
[0m19:09:08.288629 [debug] [MainThread]: Starter project path: /usr/local/lib/python3.11/site-packages/dbt/include/starter_project
[0m19:09:08.298886 [info ] [MainThread]: 
Your new dbt project "teste" was created!

For more information on how to configure the profiles.yml file,
please consult the dbt documentation here:

  https://docs.getdbt.com/docs/configure-your-profile

One more thing:

Need help? Don't hesitate to reach out to us via GitHub issues or on Slack:

  https://community.getdbt.com/

Happy modeling!

[0m19:09:08.300759 [info ] [MainThread]: Setting up your profile.
[0m19:09:08.303086 [error] [MainThread]: Encountered an error:
Runtime Error
  No adapters available. Learn how to install an adapter by going to https://docs.getdbt.com/docs/connect-adapters#install-using-the-cli
[0m19:09:08.305959 [debug] [MainThread]: Resource report: {"command_name": "init", "command_success": false, "command_wall_clock_time": 0.21246088, "process_in_blocks": "0", "process_kernel_time": 0.163855, "process_mem_max_rss": "96092", "process_out_blocks": "120", "process_user_time": 1.146985}
[0m19:09:08.306935 [debug] [MainThread]: Command `dbt init` failed at 19:09:08.306684 after 0.21 seconds
[0m19:09:08.307751 [debug] [MainThread]: Sending event: {'category': 'dbt', 'action': 'invocation', 'label': 'end', 'context': [<snowplow_tracker.self_describing_json.SelfDescribingJson object at 0x79fcd5a910d0>, <snowplow_tracker.self_describing_json.SelfDescribingJson object at 0x79fcd5a93950>, <snowplow_tracker.self_describing_json.SelfDescribingJson object at 0x79fcd9b303d0>]}
[0m19:09:08.308729 [debug] [MainThread]: Flushing usage events
[0m19:09:09.842664 [debug] [MainThread]: An error was encountered while trying to flush usage events
[0m20:20:19.311601 [debug] [MainThread]: Sending event: {'category': 'dbt', 'action': 'invocation', 'label': 'start', 'context': [<snowplow_tracker.self_describing_json.SelfDescribingJson object at 0x7e44c8c2f210>, <snowplow_tracker.self_describing_json.SelfDescribingJson object at 0x7e44c8dd9d10>, <snowplow_tracker.self_describing_json.SelfDescribingJson object at 0x7e44c8c23b50>]}


============================== 20:20:19.325137 | 6680bab5-710b-4cc8-9478-82847e7dea98 ==============================
[0m20:20:19.325137 [info ] [MainThread]: Running with dbt=1.9.4
[0m20:20:19.326862 [debug] [MainThread]: running dbt with arguments {'printer_width': '80', 'indirect_selection': 'eager', 'write_json': 'True', 'log_cache_events': 'False', 'partial_parse': 'True', 'cache_selected_only': 'False', 'profiles_dir': '/root/.dbt', 'version_check': 'True', 'debug': 'False', 'log_path': 'logs', 'warn_error': 'None', 'fail_fast': 'False', 'use_colors': 'True', 'use_experimental_parser': 'False', 'no_print': 'None', 'quiet': 'False', 'empty': 'None', 'log_format': 'default', 'introspect': 'True', 'static_parser': 'True', 'invocation_command': 'dbt debug', 'target_path': 'None', 'warn_error_options': 'WarnErrorOptions(include=[], exclude=[])', 'send_anonymous_usage_stats': 'True'}
[0m20:20:19.344878 [info ] [MainThread]: dbt version: 1.9.4
[0m20:20:19.345426 [info ] [MainThread]: python version: 3.11.2
[0m20:20:19.345866 [info ] [MainThread]: python path: /usr/local/bin/python
[0m20:20:19.346378 [info ] [MainThread]: os info: Linux-6.8.0-59-generic-x86_64-with-glibc2.31
[0m20:20:19.346916 [info ] [MainThread]: Using profiles dir at /root/.dbt
[0m20:20:19.347513 [info ] [MainThread]: Using profiles.yml file at /root/.dbt/profiles.yml
[0m20:20:19.348083 [info ] [MainThread]: Using dbt_project.yml file at /usr/app/dbt/dbt_project.yml
[0m20:20:19.348580 [info ] [MainThread]: Configuration:
[0m20:20:19.348956 [info ] [MainThread]:   profiles.yml file [[31mERROR not found[0m]
[0m20:20:19.349317 [info ] [MainThread]:   dbt_project.yml file [[31mERROR not found[0m]
[0m20:20:19.349611 [info ] [MainThread]: Required dependencies:
[0m20:20:19.349936 [debug] [MainThread]: Executing "git --help"
[0m20:20:19.351920 [debug] [MainThread]: STDOUT: "b"usage: git [--version] [--help] [-C <path>] [-c <name>=<value>]\n           [--exec-path[=<path>]] [--html-path] [--man-path] [--info-path]\n           [-p | --paginate | -P | --no-pager] [--no-replace-objects] [--bare]\n           [--git-dir=<path>] [--work-tree=<path>] [--namespace=<name>]\n           <command> [<args>]\n\nThese are common Git commands used in various situations:\n\nstart a working area (see also: git help tutorial)\n   clone             Clone a repository into a new directory\n   init              Create an empty Git repository or reinitialize an existing one\n\nwork on the current change (see also: git help everyday)\n   add               Add file contents to the index\n   mv                Move or rename a file, a directory, or a symlink\n   restore           Restore working tree files\n   rm                Remove files from the working tree and from the index\n   sparse-checkout   Initialize and modify the sparse-checkout\n\nexamine the history and state (see also: git help revisions)\n   bisect            Use binary search to find the commit that introduced a bug\n   diff              Show changes between commits, commit and working tree, etc\n   grep              Print lines matching a pattern\n   log               Show commit logs\n   show              Show various types of objects\n   status            Show the working tree status\n\ngrow, mark and tweak your common history\n   branch            List, create, or delete branches\n   commit            Record changes to the repository\n   merge             Join two or more development histories together\n   rebase            Reapply commits on top of another base tip\n   reset             Reset current HEAD to the specified state\n   switch            Switch branches\n   tag               Create, list, delete or verify a tag object signed with GPG\n\ncollaborate (see also: git help workflows)\n   fetch             Download objects and refs from another repository\n   pull              Fetch from and integrate with another repository or a local branch\n   push              Update remote refs along with associated objects\n\n'git help -a' and 'git help -g' list available subcommands and some\nconcept guides. See 'git help <command>' or 'git help <concept>'\nto read about a specific subcommand or concept.\nSee 'git help git' for an overview of the system.\n""
[0m20:20:19.352317 [debug] [MainThread]: STDERR: "b''"
[0m20:20:19.352596 [info ] [MainThread]:  - git [[32mOK found[0m]

[0m20:20:19.352917 [info ] [MainThread]: Connection test skipped since no profile was found
[0m20:20:19.353498 [info ] [MainThread]: [31m2 checks failed:[0m
[0m20:20:19.353986 [info ] [MainThread]: dbt looked for a profiles.yml file in /root/.dbt/profiles.yml, but did
not find one. For more information on configuring your profile, consult the
documentation:

https://docs.getdbt.com/docs/configure-your-profile


[0m20:20:19.354399 [info ] [MainThread]: Project loading failed for the following reason:
 project path </usr/app/dbt/dbt_project.yml> not found

[0m20:20:19.355232 [debug] [MainThread]: Resource report: {"command_name": "debug", "command_success": false, "command_wall_clock_time": 0.121262774, "process_in_blocks": "32", "process_kernel_time": 0.152937, "process_mem_max_rss": "95540", "process_out_blocks": "80", "process_user_time": 1.125537}
[0m20:20:19.355588 [debug] [MainThread]: Command `dbt debug` failed at 20:20:19.355492 after 0.12 seconds
[0m20:20:19.355925 [debug] [MainThread]: Sending event: {'category': 'dbt', 'action': 'invocation', 'label': 'end', 'context': [<snowplow_tracker.self_describing_json.SelfDescribingJson object at 0x7e44c8bd8150>, <snowplow_tracker.self_describing_json.SelfDescribingJson object at 0x7e44c8c2fc90>, <snowplow_tracker.self_describing_json.SelfDescribingJson object at 0x7e44c8cd5d90>]}
[0m20:20:19.356346 [debug] [MainThread]: Flushing usage events
[0m20:20:20.121912 [debug] [MainThread]: An error was encountered while trying to flush usage events
